{
  "RSpec": {
    "coverage": {
      "C:/Development/rails_projects/topichog/app/models/user.rb": [
        1,
        null,
        null,
        null,
        1,
        null,
        null,
        null,
        1,
        null,
        1,
        1,
        1,
        1,
        1,
        null,
        null,
        1,
        null,
        1,
        1,
        null,
        1,
        4,
        null,
        null,
        1,
        14,
        null,
        null,
        1,
        19,
        null,
        1,
        7,
        null,
        null,
        null
      ],
      "C:/Development/rails_projects/topichog/app/controllers/application_controller.rb": [
        1,
        1,
        1,
        null,
        1,
        null,
        null
      ],
      "C:/Development/rails_projects/topichog/app/helpers/application_helper.rb": [
        1,
        null
      ],
      "C:/Development/rails_projects/topichog/app/helpers/static_pages_helper.rb": [
        1,
        null
      ],
      "C:/Development/rails_projects/topichog/app/helpers/users_helper.rb": [
        1,
        null,
        1,
        27,
        27,
        27,
        27,
        null,
        null
      ],
      "C:/Development/rails_projects/topichog/app/controllers/projects_controller.rb": [
        1,
        1,
        1,
        null,
        1,
        null,
        null,
        null,
        1,
        4,
        4,
        null,
        null,
        1,
        0,
        0,
        0,
        0,
        null,
        0,
        0,
        null,
        null,
        null,
        1,
        0,
        0,
        null,
        null,
        1,
        null,
        1,
        0,
        0,
        null,
        null
      ],
      "C:/Development/rails_projects/topichog/app/models/project.rb": [
        1,
        1,
        1,
        null,
        1,
        1,
        1,
        1,
        null,
        1,
        4,
        null,
        4,
        null,
        null,
        null
      ],
      "C:/Development/rails_projects/topichog/app/controllers/relationships_controller.rb": [
        1,
        1,
        null,
        1,
        5,
        5,
        5,
        8,
        5,
        null,
        null,
        null,
        1,
        5,
        5,
        5,
        8,
        5,
        null,
        null,
        null,
        null
      ],
      "C:/Development/rails_projects/topichog/app/models/relationship.rb": [
        1,
        1,
        null,
        1,
        1,
        null,
        1,
        1,
        null
      ],
      "C:/Development/rails_projects/topichog/app/controllers/static_pages_controller.rb": [
        1,
        1,
        null,
        2,
        0,
        0,
        null,
        null,
        null,
        null,
        1,
        null,
        null
      ],
      "C:/Development/rails_projects/topichog/app/controllers/topics_controller.rb": [
        1,
        1,
        null,
        null,
        1,
        4,
        4,
        null,
        null,
        1,
        3,
        3,
        1,
        1,
        null,
        2,
        2,
        null,
        null,
        null,
        1,
        null,
        null,
        1,
        null,
        5,
        5,
        0,
        0,
        null,
        5,
        null,
        null,
        null,
        null,
        null
      ],
      "C:/Development/rails_projects/topichog/app/models/topic.rb": [
        1,
        1,
        1,
        null,
        1,
        1,
        1,
        1,
        null
      ],
      "C:/Development/rails_projects/topichog/app/controllers/users_controller.rb": [
        1,
        1,
        null,
        1,
        1,
        null,
        null,
        1,
        22,
        22,
        22,
        null,
        null,
        null,
        1,
        0,
        0,
        0,
        0,
        null,
        null,
        1,
        0,
        0,
        0,
        0,
        null,
        null,
        null,
        null
      ]
    },
    "timestamp": 1346945553
  }
}
